<?xml version="1.0" encoding="UTF-8"?>
<!-- Generated by org.testng.reporters.JUnitReportReporter -->
<testsuite hostname="LTIN447604" failures="0" tests="1" name="testCases.TC_001_Cab_Booking" time="44.731" errors="0" timestamp="2024-09-18T09:40:48 IST" skipped="0">
  <testcase classname="testCases.TC_001_Cab_Booking" name="verifyMinimumPrice" time="44.731"/>
</testsuite> <!-- testCases.TC_001_Cab_Booking -->
