<?xml version="1.0" encoding="UTF-8"?>
<!-- Generated by org.testng.reporters.JUnitReportReporter -->
<testsuite hostname="LTIN447604" failures="0" tests="1" name="testCases.TC_002_Gift_Selection" time="9.315" errors="0" timestamp="2024-09-17T14:41:29 IST" skipped="0">
  <testcase classname="testCases.TC_002_Gift_Selection" name="verifyGiftErrorMessage" time="9.315"/>
</testsuite> <!-- testCases.TC_002_Gift_Selection -->
