<?xml version="1.0" encoding="UTF-8"?>
<!-- Generated by org.testng.reporters.JUnitReportReporter -->
<testsuite hostname="LTIN447604" failures="0" tests="1" name="testCases.TC_003_Hotel_Booking" time="3.625" errors="0" timestamp="2024-09-17T14:41:29 IST" skipped="0">
  <testcase classname="testCases.TC_003_Hotel_Booking" name="getAdultsCount" time="3.625"/>
</testsuite> <!-- testCases.TC_003_Hotel_Booking -->
